LINE ADDR CONTENTS SOURCE LINE
  1.              	.EQU @, $000
  2.              	.EQU KEYBOARD_STATUS, $000
  3.              	.EQU KEYBOARD_DATA, $001
  4.  000 676574  WORD:	.CHAR'get pwned'
      001 207077
      002 6E6564
  5.  003 010000  CHAR_DUMP:	.CHAR
  6.              
  7.  003 010000  	LDX# 0
  8.  004 702000  POLL_KEYB:	INB KEYBOARD_STATUS
  9.  005 4B2004  	JGE POLL_KEYB
 10.  006 702001  	INB KEYBOARD_DATA
 11.  007 044D00  	STA+ $D00
 12.  008 FFF038  	NOP
 13.  009 200064  	CMA# 'd'
 14.  00A 48200D  	JEQ ERASE
 15.  00B 110001  	ADX# 1
 16.  00C 402004  	JMP POLL_KEYB
 17.              
 18.  00D FFF003  ERASE:	TXA
 19.  00E 042040  	STA $040
 20.  00F 010FFF  	LDX# $FFF
 21.              
 22.  010 1B2041  CHECK:	INC $041
 23.  011 600009  	AOC# 9
 24.  012 4B2019  	JGE FINISH
 25.  013 502000  	LDC WORD
 26.  014 206041  	CMA* $041
 27.  015 482010  	JEQ CHECK
 28.  016 1B2040  	INC $040
 29.  017 012040  	LDX $040
 30.  018 402004  	JMP POLL_KEYB
 31.              
 32.  019 002041  FINISH:	LDA $041
 33.  01A 010000  	LDX# 0
 34.              
 35.  01B 180040  FINISH_LOOP:	MUL# $040
 36.  01C 044000  	STA+ $000
 37.  01D 110001  	ADX# 1
 38.  01E 21001A  	CMX# 26
 39.  01F 4C201B  	JLE FINISH_LOOP
 40.              
 41.  020 FFFFFF  	HLT
 42.              

                     SYMBOL TABLE CONTENTS

000003 = CHAR_DUMP       000010 = CHECK           00000D = ERASE           
000019 = FINISH          00001B = FINISH_LOOP     000001 = KEYBOARD_DATA   
000000 = KEYBOARD_STATUS 000004 = POLL_KEYB       000000 = WORD            
